<?xml version="1.0" encoding="UTF-8"?>
<robot generator="Robot 3.2.2 (Python 3.9.1 on win32)" generated="20211007 16:18:29.480" rpa="false">
<suite id="s1" name="7004TS" source="C:\Users\STS-DHIVYA D\Downloads\space\space\POC\Individualtaxform\7004TS.robot">
<test id="s1-t1" name="Untitled Test Case">
<kw name="Run Keywords" library="BuiltIn" type="setup">
<doc>Executes all the given keywords in a sequence.</doc>
<arguments>
<arg>Open Browser</arg>
<arg>https://ees.efile4taxes.com/</arg>
<arg>${BROWSER}</arg>
<arg>AND</arg>
<arg>Set Selenium Speed</arg>
<arg>${SELSPEED}</arg>
</arguments>
<kw name="Open Browser" library="SeleniumLibrary">
<doc>Opens a new browser instance to the optional ``url``.</doc>
<arguments>
<arg>https://ees.efile4taxes.com/</arg>
<arg>${BROWSER}</arg>
</arguments>
<msg timestamp="20211007 16:18:32.055" level="INFO">Opening browser 'chrome' to base url 'https://ees.efile4taxes.com/'.</msg>
<status status="PASS" starttime="20211007 16:18:32.055" endtime="20211007 16:18:49.355"></status>
</kw>
<kw name="Set Selenium Speed" library="SeleniumLibrary">
<doc>Sets the delay that is waited after each Selenium command.</doc>
<arguments>
<arg>${SELSPEED}</arg>
</arguments>
<status status="PASS" starttime="20211007 16:18:49.355" endtime="20211007 16:18:49.356"></status>
</kw>
<status status="PASS" starttime="20211007 16:18:32.054" endtime="20211007 16:18:49.356"></status>
</kw>
<kw name="type">
<arguments>
<arg>id=LoginName</arg>
<arg>dhivyabharathi.d+bo@spanllc.com</arg>
</arguments>
<kw name="Input Text" library="SeleniumLibrary">
<doc>Types the given ``text`` into the text field identified by ``locator``.</doc>
<arguments>
<arg>${element}</arg>
<arg>${value}</arg>
</arguments>
<msg timestamp="20211007 16:18:49.359" level="INFO">Typing text 'dhivyabharathi.d+bo@spanllc.com' into text field 'id=LoginName'.</msg>
<status status="PASS" starttime="20211007 16:18:49.359" endtime="20211007 16:18:49.602"></status>
</kw>
<status status="PASS" starttime="20211007 16:18:49.357" endtime="20211007 16:18:49.602"></status>
</kw>
<kw name="type">
<arguments>
<arg>id=OriginalPassword</arg>
<arg>Test@123</arg>
</arguments>
<kw name="Input Text" library="SeleniumLibrary">
<doc>Types the given ``text`` into the text field identified by ``locator``.</doc>
<arguments>
<arg>${element}</arg>
<arg>${value}</arg>
</arguments>
<msg timestamp="20211007 16:18:49.605" level="INFO">Typing text 'Test@123' into text field 'id=OriginalPassword'.</msg>
<status status="PASS" starttime="20211007 16:18:49.604" endtime="20211007 16:18:49.752"></status>
</kw>
<status status="PASS" starttime="20211007 16:18:49.603" endtime="20211007 16:18:49.752"></status>
</kw>
<kw name="click">
<arguments>
<arg>id=btnsignin</arg>
</arguments>
<kw name="Click Element" library="SeleniumLibrary">
<doc>Click the element identified by ``locator``.</doc>
<arguments>
<arg>${element}</arg>
</arguments>
<msg timestamp="20211007 16:18:49.754" level="INFO">Clicking element 'id=btnsignin'.</msg>
<status status="PASS" starttime="20211007 16:18:49.753" endtime="20211007 16:19:18.437"></status>
</kw>
<status status="PASS" starttime="20211007 16:18:49.752" endtime="20211007 16:19:18.438"></status>
</kw>
<kw name="click">
<arguments>
<arg>xpath=//*[@id="A2"]</arg>
</arguments>
<kw name="Click Element" library="SeleniumLibrary">
<doc>Click the element identified by ``locator``.</doc>
<arguments>
<arg>${element}</arg>
</arguments>
<msg timestamp="20211007 16:19:18.441" level="INFO">Clicking element 'xpath=//*[@id="A2"]'.</msg>
<status status="PASS" starttime="20211007 16:19:18.440" endtime="20211007 16:19:29.891"></status>
</kw>
<status status="PASS" starttime="20211007 16:19:18.439" endtime="20211007 16:19:29.892"></status>
</kw>
<kw name="type">
<arguments>
<arg>id=BusinessName</arg>
<arg>Trevis Corp</arg>
</arguments>
<kw name="Input Text" library="SeleniumLibrary">
<doc>Types the given ``text`` into the text field identified by ``locator``.</doc>
<arguments>
<arg>${element}</arg>
<arg>${value}</arg>
</arguments>
<msg timestamp="20211007 16:19:29.895" level="INFO">Typing text 'Trevis Corp' into text field 'id=BusinessName'.</msg>
<status status="PASS" starttime="20211007 16:19:29.895" endtime="20211007 16:19:30.132"></status>
</kw>
<status status="PASS" starttime="20211007 16:19:29.893" endtime="20211007 16:19:30.132"></status>
</kw>
<kw name="type">
<arguments>
<arg>id=EIN</arg>
<arg>00-9876543</arg>
</arguments>
<kw name="Input Text" library="SeleniumLibrary">
<doc>Types the given ``text`` into the text field identified by ``locator``.</doc>
<arguments>
<arg>${element}</arg>
<arg>${value}</arg>
</arguments>
<msg timestamp="20211007 16:19:30.135" level="INFO">Typing text '00-9876543' into text field 'id=EIN'.</msg>
<status status="PASS" starttime="20211007 16:19:30.135" endtime="20211007 16:19:30.357"></status>
</kw>
<status status="PASS" starttime="20211007 16:19:30.133" endtime="20211007 16:19:30.358"></status>
</kw>
<kw name="type">
<arguments>
<arg>id=ConfirmEIN</arg>
<arg>00-9876543</arg>
</arguments>
<kw name="Input Text" library="SeleniumLibrary">
<doc>Types the given ``text`` into the text field identified by ``locator``.</doc>
<arguments>
<arg>${element}</arg>
<arg>${value}</arg>
</arguments>
<msg timestamp="20211007 16:19:30.360" level="INFO">Typing text '00-9876543' into text field 'id=ConfirmEIN'.</msg>
<status status="PASS" starttime="20211007 16:19:30.360" endtime="20211007 16:19:30.549"></status>
</kw>
<status status="PASS" starttime="20211007 16:19:30.359" endtime="20211007 16:19:30.550"></status>
</kw>
<kw name="type">
<arguments>
<arg>id=Address1</arg>
<arg>34 park st</arg>
</arguments>
<kw name="Input Text" library="SeleniumLibrary">
<doc>Types the given ``text`` into the text field identified by ``locator``.</doc>
<arguments>
<arg>${element}</arg>
<arg>${value}</arg>
</arguments>
<msg timestamp="20211007 16:19:30.553" level="INFO">Typing text '34 park st' into text field 'id=Address1'.</msg>
<status status="PASS" starttime="20211007 16:19:30.552" endtime="20211007 16:19:30.760"></status>
</kw>
<status status="PASS" starttime="20211007 16:19:30.551" endtime="20211007 16:19:30.760"></status>
</kw>
<kw name="type">
<arguments>
<arg>id=Address2</arg>
<arg>Suite 34</arg>
</arguments>
<kw name="Input Text" library="SeleniumLibrary">
<doc>Types the given ``text`` into the text field identified by ``locator``.</doc>
<arguments>
<arg>${element}</arg>
<arg>${value}</arg>
</arguments>
<msg timestamp="20211007 16:19:30.764" level="INFO">Typing text 'Suite 34' into text field 'id=Address2'.</msg>
<status status="PASS" starttime="20211007 16:19:30.763" endtime="20211007 16:19:30.965"></status>
</kw>
<status status="PASS" starttime="20211007 16:19:30.762" endtime="20211007 16:19:30.965"></status>
</kw>
<kw name="type">
<arguments>
<arg>id=City</arg>
<arg>Atlanta</arg>
</arguments>
<kw name="Input Text" library="SeleniumLibrary">
<doc>Types the given ``text`` into the text field identified by ``locator``.</doc>
<arguments>
<arg>${element}</arg>
<arg>${value}</arg>
</arguments>
<msg timestamp="20211007 16:19:30.968" level="INFO">Typing text 'Atlanta' into text field 'id=City'.</msg>
<status status="PASS" starttime="20211007 16:19:30.967" endtime="20211007 16:19:31.174"></status>
</kw>
<status status="PASS" starttime="20211007 16:19:30.966" endtime="20211007 16:19:31.174"></status>
</kw>
<kw name="select">
<arguments>
<arg>id=USStates</arg>
<arg>Georgia (GA)</arg>
</arguments>
<kw name="Select From List By Value" library="SeleniumLibrary">
<doc>Selects options from selection list ``locator`` by ``values``.</doc>
<arguments>
<arg>${element}</arg>
<arg>${value}</arg>
</arguments>
<msg timestamp="20211007 16:19:31.177" level="INFO">Selecting options from selection list 'id=USStates' by value Georgia (GA).</msg>
<kw name="Capture Page Screenshot" library="SeleniumLibrary">
<doc>Takes a screenshot of the current page and embeds it into a log file.</doc>
<msg timestamp="20211007 16:19:31.808" level="INFO" html="yes">&lt;/td&gt;&lt;/tr&gt;&lt;tr&gt;&lt;td colspan="3"&gt;&lt;a href="selenium-screenshot-2.png"&gt;&lt;img src="selenium-screenshot-2.png" width="800px"&gt;&lt;/a&gt;</msg>
<status status="PASS" starttime="20211007 16:19:31.307" endtime="20211007 16:19:31.810"></status>
</kw>
<msg timestamp="20211007 16:19:32.112" level="FAIL">NoSuchElementException: Message: Cannot locate option with value: Georgia (GA)
</msg>
<status status="FAIL" starttime="20211007 16:19:31.177" endtime="20211007 16:19:32.113"></status>
</kw>
<status status="FAIL" starttime="20211007 16:19:31.176" endtime="20211007 16:19:32.114"></status>
</kw>
<kw name="Close Browser" library="SeleniumLibrary" type="teardown">
<doc>Closes the current browser.</doc>
<status status="PASS" starttime="20211007 16:19:32.117" endtime="20211007 16:19:34.629"></status>
</kw>
<status status="FAIL" starttime="20211007 16:18:32.052" endtime="20211007 16:19:34.630" critical="yes">NoSuchElementException: Message: Cannot locate option with value: Georgia (GA)
</status>
</test>
<status status="FAIL" starttime="20211007 16:18:29.485" endtime="20211007 16:19:34.637"></status>
</suite>
<statistics>
<total>
<stat pass="0" fail="1">Critical Tests</stat>
<stat pass="0" fail="1">All Tests</stat>
</total>
<tag>
</tag>
<suite>
<stat pass="0" fail="1" id="s1" name="7004TS">7004TS</stat>
</suite>
</statistics>
<errors>
</errors>
</robot>
