<?xml version="1.0" encoding="UTF-8"?>
<robot generator="Robot 4.1 (Python 3.9.6 on win32)" generated="20210809 07:31:53.184" rpa="false" schemaversion="2">
<suite id="s1" name="Individualtaxform" source="C:\Users\MOHAN\Documents\space\POC\Individualtaxform\Individualtaxform.robot">
<test id="s1-t1" name="create4868">
<kw name="ssettings" library="support">
<kw name="Logid" library="associatelib">
<var>${logid}</var>
<msg timestamp="20210809 07:31:53.481" level="INFO">${logid} = Log_20210809073153</msg>
<status status="PASS" starttime="20210809 07:31:53.481" endtime="20210809 07:31:53.481"/>
</kw>
<kw name="Set Environment Variable" library="OperatingSystem">
<arg>logid</arg>
<arg>${logid}</arg>
<doc>Sets an environment variable to a specified value.</doc>
<msg timestamp="20210809 07:31:53.481" level="INFO">Environment variable 'logid' set to value 'Log_20210809073153'.</msg>
<status status="PASS" starttime="20210809 07:31:53.481" endtime="20210809 07:31:53.481"/>
</kw>
<kw name="Set Screenshot Directory" library="Selenium2Library">
<arg>C:/Users/MOHAN/Documents/space/runscreens</arg>
<doc>Sets the directory for captured screenshots.</doc>
<status status="PASS" starttime="20210809 07:31:53.481" endtime="20210809 07:31:53.481"/>
</kw>
<status status="PASS" starttime="20210809 07:31:53.481" endtime="20210809 07:31:53.481"/>
</kw>
<kw name="Login" library="login">
<var>${passed}</var>
<kw name="Get Environment Variable" library="OperatingSystem">
<var>${logid}</var>
<arg>logid</arg>
<doc>Returns the value of an environment variable with the given name.</doc>
<msg timestamp="20210809 07:31:53.481" level="INFO">${logid} = Log_20210809073153</msg>
<status status="PASS" starttime="20210809 07:31:53.481" endtime="20210809 07:31:53.481"/>
</kw>
<kw name="Fndbget" library="associatelib">
<var>${URL}</var>
<arg>select Siteid from autolgn</arg>
<msg timestamp="20210809 07:31:56.453" level="INFO">${URL} = http://ees.fileafter.com/</msg>
<status status="PASS" starttime="20210809 07:31:53.481" endtime="20210809 07:31:56.453"/>
</kw>
<kw name="Fndbget" library="associatelib">
<var>${uid}</var>
<arg>select userid from autolgn</arg>
<msg timestamp="20210809 07:31:57.373" level="INFO">${uid} = barnettcandy20@gmail.com</msg>
<status status="PASS" starttime="20210809 07:31:56.453" endtime="20210809 07:31:57.373"/>
</kw>
<kw name="Fndbget" library="associatelib">
<var>${pwd}</var>
<arg>select pwd from autolgn</arg>
<msg timestamp="20210809 07:31:58.266" level="INFO">${pwd} = Span@123</msg>
<status status="PASS" starttime="20210809 07:31:57.373" endtime="20210809 07:31:58.266"/>
</kw>
<kw name="Fndbget" library="associatelib">
<var>${osigin}</var>
<arg>select objvalue from autoobj where objname='signin'</arg>
<msg timestamp="20210809 07:31:59.173" level="INFO">${osigin} = //button[@id="btnsignin"]</msg>
<status status="PASS" starttime="20210809 07:31:58.266" endtime="20210809 07:31:59.173"/>
</kw>
<kw name="Fndbget" library="associatelib">
<var>${ouid}</var>
<arg>select objvalue from autoobj where objname='uid'</arg>
<msg timestamp="20210809 07:32:00.073" level="INFO">${ouid} = //input[@id="LoginName"]</msg>
<status status="PASS" starttime="20210809 07:31:59.173" endtime="20210809 07:32:00.073"/>
</kw>
<kw name="Fndbget" library="associatelib">
<var>${opwd}</var>
<arg>select objvalue from autoobj where objname='pwd'</arg>
<msg timestamp="20210809 07:32:00.981" level="INFO">${opwd} = //input[@id="OriginalPassword"]</msg>
<status status="PASS" starttime="20210809 07:32:00.073" endtime="20210809 07:32:00.981"/>
</kw>
<kw name="Fndbget" library="associatelib">
<var>${omacc}</var>
<arg>select objvalue from autoobj where objname='myacc'</arg>
<msg timestamp="20210809 07:32:01.887" level="INFO">${omacc} = //a[@href="/User/MyAccount"]</msg>
<status status="PASS" starttime="20210809 07:32:00.981" endtime="20210809 07:32:01.887"/>
</kw>
<kw name="Open Browser" library="Selenium2Library">
<arg>${URL}</arg>
<arg>Chrome</arg>
<doc>Opens a new browser instance to the optional ``url``.</doc>
<msg timestamp="20210809 07:32:01.887" level="INFO">Opening browser 'Chrome' to base url 'http://ees.fileafter.com/'.</msg>
<status status="PASS" starttime="20210809 07:32:01.887" endtime="20210809 07:32:08.610"/>
</kw>
<kw name="Maximize Browser Window" library="Selenium2Library">
<doc>Maximizes current browser window.</doc>
<status status="PASS" starttime="20210809 07:32:08.610" endtime="20210809 07:32:08.737"/>
</kw>
<kw name="Run Keyword And Return Status" library="BuiltIn">
<var>${passed}</var>
<arg>Wait Until Element Is Enabled</arg>
<arg>${ouid}</arg>
<arg>5s</arg>
<doc>Runs the given keyword with given arguments and returns the status as a Boolean value.</doc>
<kw name="Wait Until Element Is Enabled" library="Selenium2Library">
<arg>${ouid}</arg>
<arg>5s</arg>
<doc>Waits until the element ``locator`` is enabled.</doc>
<status status="PASS" starttime="20210809 07:32:08.738" endtime="20210809 07:32:08.767"/>
</kw>
<msg timestamp="20210809 07:32:08.767" level="INFO">${passed} = True</msg>
<status status="PASS" starttime="20210809 07:32:08.737" endtime="20210809 07:32:08.767"/>
</kw>
<kw name="Run Keyword Unless" library="BuiltIn">
<arg>${passed}</arg>
<arg>Capture Page Screenshot</arg>
<arg>C:\\Users\\MOHAN\\Documents\\space\\POC\\Individualtaxform\\support/reference/${logid}_login-tc-001.png</arg>
<doc>Runs the given keyword with the given arguments if ``condition`` is false.</doc>
<status status="PASS" starttime="20210809 07:32:08.767" endtime="20210809 07:32:08.767"/>
</kw>
<kw name="Run Keyword If" library="BuiltIn">
<arg>${passed}</arg>
<arg>writelog</arg>
<arg>'${logid}','ts-login-1','valid login','login-tc-001','login page should be displayed with userid and password fields','login displayed successfully with userid and password fields','pass',' '</arg>
<arg>ELSE</arg>
<arg>writelog</arg>
<arg>'${logid}','ts-login-1','valid login','login-tc-001','login page should be displayed with userid and password fields','login not displayed successfully with userid and password fields','fail','${logid}_login-tc-001.png'</arg>
<doc>Runs the given keyword with the given arguments, if ``condition`` is true.</doc>
<kw name="Writelog" library="associatelib">
<arg>'${logid}','ts-login-1','valid login','login-tc-001','login page should be displayed with userid and password fields','login displayed successfully with userid and password fields','pass',' '</arg>
<status status="PASS" starttime="20210809 07:32:08.768" endtime="20210809 07:32:09.678"/>
</kw>
<status status="PASS" starttime="20210809 07:32:08.768" endtime="20210809 07:32:09.678"/>
</kw>
<kw name="Input Text" library="Selenium2Library">
<arg>${ouid}</arg>
<arg>${uid}</arg>
<doc>Types the given ``text`` into the text field identified by ``locator``.</doc>
<msg timestamp="20210809 07:32:09.679" level="INFO">Typing text 'barnettcandy20@gmail.com' into text field '//input[@id="LoginName"]'.</msg>
<status status="PASS" starttime="20210809 07:32:09.678" endtime="20210809 07:32:09.828"/>
</kw>
<kw name="Input Password" library="Selenium2Library">
<arg>${opwd}</arg>
<arg>${pwd}</arg>
<doc>Types the given password into the text field identified by ``locator``.</doc>
<msg timestamp="20210809 07:32:09.830" level="INFO">Typing password into text field '//input[@id="OriginalPassword"]'.</msg>
<msg timestamp="20210809 07:32:09.875" level="INFO">Temporally setting log level to: NONE</msg>
<msg timestamp="20210809 07:32:09.943" level="INFO">Log level changed from NONE to INFO.</msg>
<status status="PASS" starttime="20210809 07:32:09.829" endtime="20210809 07:32:09.943"/>
</kw>
<kw name="Click Button" library="Selenium2Library">
<arg>${osigin}</arg>
<doc>Clicks the button identified by ``locator``.</doc>
<msg timestamp="20210809 07:32:09.944" level="INFO">Clicking button '//button[@id="btnsignin"]'.</msg>
<status status="PASS" starttime="20210809 07:32:09.944" endtime="20210809 07:32:20.295"/>
</kw>
<kw name="Run Keyword And Return Status" library="BuiltIn">
<var>${passed}</var>
<arg>Wait Until Element Is Visible</arg>
<arg>${omacc}</arg>
<arg>5s</arg>
<doc>Runs the given keyword with given arguments and returns the status as a Boolean value.</doc>
<kw name="Wait Until Element Is Visible" library="Selenium2Library">
<arg>${omacc}</arg>
<arg>5s</arg>
<doc>Waits until the element ``locator`` is visible.</doc>
<status status="PASS" starttime="20210809 07:32:20.297" endtime="20210809 07:32:20.346"/>
</kw>
<msg timestamp="20210809 07:32:20.346" level="INFO">${passed} = True</msg>
<status status="PASS" starttime="20210809 07:32:20.296" endtime="20210809 07:32:20.346"/>
</kw>
<kw name="Run Keyword Unless" library="BuiltIn">
<arg>${passed}</arg>
<arg>Capture Page Screenshot</arg>
<arg>C:\\Users\\MOHAN\\Documents\\space\\POC\\Individualtaxform\\support/reference/${logid}_login-tc-002.png</arg>
<doc>Runs the given keyword with the given arguments if ``condition`` is false.</doc>
<status status="PASS" starttime="20210809 07:32:20.347" endtime="20210809 07:32:20.347"/>
</kw>
<kw name="Run Keyword If" library="BuiltIn">
<arg>${passed}</arg>
<arg>writelog</arg>
<arg>'${logid}','ts-login-1','valid login','login-tc-002','User should be navigated to home page','user navigated to home page successfully','pass',' '</arg>
<arg>ELSE</arg>
<arg>writelog</arg>
<arg>'${logid}','ts-login-1','valid login','login-tc-002','User should be navigated to home page','user not navigated to home page ','fail','${logid}_login-tc-002.png'</arg>
<doc>Runs the given keyword with the given arguments, if ``condition`` is true.</doc>
<kw name="Writelog" library="associatelib">
<arg>'${logid}','ts-login-1','valid login','login-tc-002','User should be navigated to home page','user navigated to home page successfully','pass',' '</arg>
<status status="PASS" starttime="20210809 07:32:20.348" endtime="20210809 07:32:21.247"/>
</kw>
<status status="PASS" starttime="20210809 07:32:20.347" endtime="20210809 07:32:21.247"/>
</kw>
<msg timestamp="20210809 07:32:21.247" level="INFO">${passed} = True</msg>
<status status="PASS" starttime="20210809 07:31:53.481" endtime="20210809 07:32:21.247"/>
</kw>
<kw name="Run Keyword If" library="BuiltIn">
<var>${passed}</var>
<arg>${passed}</arg>
<arg>Newinvform</arg>
<doc>Runs the given keyword with the given arguments, if ``condition`` is true.</doc>
<kw name="Newinvform" library="home">
<kw name="Get Environment Variable" library="OperatingSystem">
<var>${logid}</var>
<arg>logid</arg>
<doc>Returns the value of an environment variable with the given name.</doc>
<msg timestamp="20210809 07:32:21.247" level="INFO">${logid} = Log_20210809073153</msg>
<status status="PASS" starttime="20210809 07:32:21.247" endtime="20210809 07:32:21.247"/>
</kw>
<kw name="Fndbget" library="associatelib">
<var>${o4868}</var>
<arg>select objvalue from autoobj where objname='o4868'</arg>
<msg timestamp="20210809 07:32:22.153" level="INFO">${o4868} = //a[@href="/Form4868/Step1/false/0/New"]</msg>
<status status="PASS" starttime="20210809 07:32:21.247" endtime="20210809 07:32:22.153"/>
</kw>
<kw name="Fndbget" library="associatelib">
<var>${ofname}</var>
<arg>select objvalue from autoobj where objname='ofname'</arg>
<msg timestamp="20210809 07:32:23.059" level="INFO">${ofname} = //input[@id="TPFirstName"]</msg>
<status status="PASS" starttime="20210809 07:32:22.153" endtime="20210809 07:32:23.059"/>
</kw>
<kw name="Click Element" library="Selenium2Library">
<arg>${o4868}</arg>
<doc>Click the element identified by ``locator``.</doc>
<msg timestamp="20210809 07:32:23.059" level="INFO">Clicking element '//a[@href="/Form4868/Step1/false/0/New"]'.</msg>
<status status="PASS" starttime="20210809 07:32:23.059" endtime="20210809 07:32:24.371"/>
</kw>
<kw name="Run Keyword And Return Status" library="BuiltIn">
<var>${passed}</var>
<arg>Wait Until Element Is Visible</arg>
<arg>${ofname}</arg>
<arg>5s</arg>
<doc>Runs the given keyword with given arguments and returns the status as a Boolean value.</doc>
<kw name="Wait Until Element Is Visible" library="Selenium2Library">
<arg>${ofname}</arg>
<arg>5s</arg>
<doc>Waits until the element ``locator`` is visible.</doc>
<status status="PASS" starttime="20210809 07:32:24.372" endtime="20210809 07:32:24.405"/>
</kw>
<msg timestamp="20210809 07:32:24.405" level="INFO">${passed} = True</msg>
<status status="PASS" starttime="20210809 07:32:24.371" endtime="20210809 07:32:24.405"/>
</kw>
<kw name="Run Keyword Unless" library="BuiltIn">
<arg>${passed}</arg>
<arg>Capture Page Screenshot</arg>
<arg>C:\\Users\\MOHAN\\Documents\\space\\POC\\Individualtaxform\\support/reference/${logid}_newinv-tc-001.png</arg>
<doc>Runs the given keyword with the given arguments if ``condition`` is false.</doc>
<status status="PASS" starttime="20210809 07:32:24.405" endtime="20210809 07:32:24.406"/>
</kw>
<kw name="Run Keyword If" library="BuiltIn">
<arg>${passed}</arg>
<arg>writelog</arg>
<arg>'${logid}','ts-newinv-1','happy path','newinv-tc-001','User should be navigated to basic information page','user navigated to basic information page successfully','pass',' '</arg>
<arg>ELSE</arg>
<arg>writelog</arg>
<arg>'${logid}','ts-newinv-1','happy path','newinv-tc-001','User should be navigated to basic information page','user not navigated to basic information page ','fail','${logid}_newinv-tc-001.png'</arg>
<doc>Runs the given keyword with the given arguments, if ``condition`` is true.</doc>
<kw name="Writelog" library="associatelib">
<arg>'${logid}','ts-newinv-1','happy path','newinv-tc-001','User should be navigated to basic information page','user navigated to basic information page successfully','pass',' '</arg>
<status status="PASS" starttime="20210809 07:32:24.406" endtime="20210809 07:32:25.325"/>
</kw>
<status status="PASS" starttime="20210809 07:32:24.406" endtime="20210809 07:32:25.325"/>
</kw>
<status status="PASS" starttime="20210809 07:32:21.247" endtime="20210809 07:32:25.325"/>
</kw>
<msg timestamp="20210809 07:32:25.325" level="INFO">${passed} = True</msg>
<status status="PASS" starttime="20210809 07:32:21.247" endtime="20210809 07:32:25.325"/>
</kw>
<kw name="Run Keyword If" library="BuiltIn">
<var>${passed}</var>
<arg>${passed}</arg>
<arg>fillform</arg>
<doc>Runs the given keyword with the given arguments, if ``condition`` is true.</doc>
<kw name="fillform" library="fillform">
<kw name="Get Environment Variable" library="OperatingSystem">
<var>${logid}</var>
<arg>logid</arg>
<doc>Returns the value of an environment variable with the given name.</doc>
<msg timestamp="20210809 07:32:25.325" level="INFO">${logid} = Log_20210809073153</msg>
<status status="PASS" starttime="20210809 07:32:25.325" endtime="20210809 07:32:25.325"/>
</kw>
<kw name="Fndbget" library="associatelib">
<var>${fname}</var>
<arg>select fn from autofrm</arg>
<msg timestamp="20210809 07:32:26.231" level="INFO">${fname} = auto</msg>
<status status="PASS" starttime="20210809 07:32:25.325" endtime="20210809 07:32:26.231"/>
</kw>
<kw name="Fndbget" library="associatelib">
<var>${lname}</var>
<arg>select ln from autofrm</arg>
<msg timestamp="20210809 07:32:27.137" level="INFO">${lname} = test</msg>
<status status="PASS" starttime="20210809 07:32:26.231" endtime="20210809 07:32:27.137"/>
</kw>
<kw name="Fndbget" library="associatelib">
<var>${phone}</var>
<arg>select ph from autofrm</arg>
<msg timestamp="20210809 07:32:28.043" level="INFO">${phone} = 989-671-1122</msg>
<status status="PASS" starttime="20210809 07:32:27.137" endtime="20210809 07:32:28.043"/>
</kw>
<kw name="Fndbget" library="associatelib">
<var>${addr1}</var>
<arg>select addr1 from autofrm</arg>
<msg timestamp="20210809 07:32:28.981" level="INFO">${addr1} = 1709 Mount Str</msg>
<status status="PASS" starttime="20210809 07:32:28.043" endtime="20210809 07:32:28.981"/>
</kw>
<kw name="Fndbget" library="associatelib">
<var>${city}</var>
<arg>select city from autofrm</arg>
<msg timestamp="20210809 07:32:29.890" level="INFO">${city} = MC COY</msg>
<status status="PASS" starttime="20210809 07:32:28.981" endtime="20210809 07:32:29.890"/>
</kw>
<kw name="Fndbget" library="associatelib">
<var>${zip}</var>
<arg>select zip from autofrm</arg>
<msg timestamp="20210809 07:32:30.796" level="INFO">${zip} = 80463</msg>
<status status="PASS" starttime="20210809 07:32:29.890" endtime="20210809 07:32:30.796"/>
</kw>
<kw name="Fndbget" library="associatelib">
<var>${state}</var>
<arg>select stateval from autofrm</arg>
<msg timestamp="20210809 07:32:31.702" level="INFO">${state} = 14</msg>
<status status="PASS" starttime="20210809 07:32:30.796" endtime="20210809 07:32:31.702"/>
</kw>
<kw name="Fndbget" library="associatelib">
<var>${ofname}</var>
<arg>select objvalue from autoobj where objname='ofname'</arg>
<msg timestamp="20210809 07:32:32.624" level="INFO">${ofname} = //input[@id="TPFirstName"]</msg>
<status status="PASS" starttime="20210809 07:32:31.702" endtime="20210809 07:32:32.624"/>
</kw>
<kw name="Fndbget" library="associatelib">
<var>${olname}</var>
<arg>select objvalue from autoobj where objname='olname'</arg>
<msg timestamp="20210809 07:32:33.530" level="INFO">${olname} = //input[@id="TPLastName"]</msg>
<status status="PASS" starttime="20210809 07:32:32.624" endtime="20210809 07:32:33.530"/>
</kw>
<kw name="Fndbget" library="associatelib">
<var>${ossn}</var>
<arg>select objvalue from autoobj where objname='ossn'</arg>
<msg timestamp="20210809 07:32:34.437" level="INFO">${ossn} = //input[@id="TPSSN"]</msg>
<status status="PASS" starttime="20210809 07:32:33.530" endtime="20210809 07:32:34.437"/>
</kw>
<kw name="Fndbget" library="associatelib">
<var>${ophone}</var>
<arg>select objvalue from autoobj where objname='ophone'</arg>
<msg timestamp="20210809 07:32:35.340" level="INFO">${ophone} = //input[@id="TPDayTimePhone"]</msg>
<status status="PASS" starttime="20210809 07:32:34.437" endtime="20210809 07:32:35.340"/>
</kw>
<kw name="Fndbget" library="associatelib">
<var>${oaddr1}</var>
<arg>select objvalue from autoobj where objname='oaddr1'</arg>
<msg timestamp="20210809 07:32:36.246" level="INFO">${oaddr1} = //input[@id="Address1"]</msg>
<status status="PASS" starttime="20210809 07:32:35.340" endtime="20210809 07:32:36.246"/>
</kw>
<kw name="Fndbget" library="associatelib">
<var>${ocity}</var>
<arg>select objvalue from autoobj where objname='ocity'</arg>
<msg timestamp="20210809 07:32:37.156" level="INFO">${ocity} = //input[@id="City"]</msg>
<status status="PASS" starttime="20210809 07:32:36.246" endtime="20210809 07:32:37.156"/>
</kw>
<kw name="Fndbget" library="associatelib">
<var>${ozip}</var>
<arg>select objvalue from autoobj where objname='ozip'</arg>
<msg timestamp="20210809 07:32:38.075" level="INFO">${ozip} = //input[@id="txtzip"]</msg>
<status status="PASS" starttime="20210809 07:32:37.156" endtime="20210809 07:32:38.075"/>
</kw>
<kw name="Fndbget" library="associatelib">
<var>${ostate}</var>
<arg>select objvalue from autoobj where objname='ostate'</arg>
<msg timestamp="20210809 07:32:38.981" level="INFO">${ostate} = //select[@id="USStates"]</msg>
<status status="PASS" starttime="20210809 07:32:38.075" endtime="20210809 07:32:38.981"/>
</kw>
<kw name="Fndbget" library="associatelib">
<var>${ooutofcountry}</var>
<arg>select objvalue from autoobj where objname='ooutofcountry'</arg>
<msg timestamp="20210809 07:32:39.884" level="INFO">${ooutofcountry} = //label[@for="IsOutOfCountry" and @class="css-label BO"]</msg>
<status status="PASS" starttime="20210809 07:32:38.981" endtime="20210809 07:32:39.884"/>
</kw>
<kw name="Fndbget" library="associatelib">
<var>${onowages}</var>
<arg>select objvalue from autoobj where objname='onowages'</arg>
<msg timestamp="20210809 07:32:40.805" level="INFO">${onowages} = //label[@for="IsNoIncomeTaxWithHolding" and @class="css-label BO"]</msg>
<status status="PASS" starttime="20210809 07:32:39.884" endtime="20210809 07:32:40.805"/>
</kw>
<kw name="Fndbget" library="associatelib">
<var>${oprofilenext}</var>
<arg>select objvalue from autoobj where objname='oprofilenext'</arg>
<msg timestamp="20210809 07:32:41.712" level="INFO">${oprofilenext} = //input[@id="btnStep2Next"]</msg>
<status status="PASS" starttime="20210809 07:32:40.805" endtime="20210809 07:32:41.712"/>
</kw>
<kw name="Fndbget" library="associatelib">
<var>${onotax}</var>
<arg>select objvalue from autoobj where objname='onotax'</arg>
<msg timestamp="20210809 07:32:42.618" level="INFO">${onotax} = //label[@for="NoDueOrRefund" and @class="noWrap css-radiolabel BO"]</msg>
<status status="PASS" starttime="20210809 07:32:41.712" endtime="20210809 07:32:42.618"/>
</kw>
<kw name="Fndbget" library="associatelib">
<var>${oliabilityenext}</var>
<arg>select objvalue from autoobj where objname='oliabilityenext'</arg>
<msg timestamp="20210809 07:32:43.509" level="INFO">${oliabilityenext} = //input[@id="btnNext"]</msg>
<status status="PASS" starttime="20210809 07:32:42.618" endtime="20210809 07:32:43.509"/>
</kw>
<kw name="Fndbget" library="associatelib">
<var>${oactualssn}</var>
<arg>select objvalue from autoobj where objname='oactualssn'</arg>
<msg timestamp="20210809 07:32:44.450" level="INFO">${oactualssn} = (//td[@class="text-right"])[2]/b</msg>
<status status="PASS" starttime="20210809 07:32:43.524" endtime="20210809 07:32:44.450"/>
</kw>
<kw name="Fndbget" library="associatelib">
<var>${otimezone}</var>
<arg>select objvalue from autoobj where objname='otimezone'</arg>
<msg timestamp="20210809 07:32:45.357" level="INFO">${otimezone} = //select[@id="TimeZoneId"]</msg>
<status status="PASS" starttime="20210809 07:32:44.450" endtime="20210809 07:32:45.357"/>
</kw>
<kw name="Input Text" library="Selenium2Library">
<arg>${ofname}</arg>
<arg>${fname}</arg>
<doc>Types the given ``text`` into the text field identified by ``locator``.</doc>
<msg timestamp="20210809 07:32:45.357" level="INFO">Typing text 'auto' into text field '//input[@id="TPFirstName"]'.</msg>
<status status="PASS" starttime="20210809 07:32:45.357" endtime="20210809 07:32:45.511"/>
</kw>
<kw name="Input Text" library="Selenium2Library">
<arg>${olname}</arg>
<arg>${lname}</arg>
<doc>Types the given ``text`` into the text field identified by ``locator``.</doc>
<msg timestamp="20210809 07:32:45.512" level="INFO">Typing text 'test' into text field '//input[@id="TPLastName"]'.</msg>
<status status="PASS" starttime="20210809 07:32:45.511" endtime="20210809 07:32:45.639"/>
</kw>
<kw name="Generate Random String" library="String">
<var>${ssn}</var>
<arg>9</arg>
<arg>123456789</arg>
<doc>Generates a string with a desired ``length`` from the given ``chars``.</doc>
<msg timestamp="20210809 07:32:45.639" level="INFO">${ssn} = 719224471</msg>
<status status="PASS" starttime="20210809 07:32:45.639" endtime="20210809 07:32:45.639"/>
</kw>
<kw name="Input Text" library="Selenium2Library">
<arg>${ossn}</arg>
<arg>${ssn}</arg>
<doc>Types the given ``text`` into the text field identified by ``locator``.</doc>
<msg timestamp="20210809 07:32:45.640" level="INFO">Typing text '719224471' into text field '//input[@id="TPSSN"]'.</msg>
<status status="PASS" starttime="20210809 07:32:45.639" endtime="20210809 07:32:45.801"/>
</kw>
<kw name="Input Text" library="Selenium2Library">
<arg>${ophone}</arg>
<arg>${phone}</arg>
<doc>Types the given ``text`` into the text field identified by ``locator``.</doc>
<msg timestamp="20210809 07:32:45.801" level="INFO">Typing text '989-671-1122' into text field '//input[@id="TPDayTimePhone"]'.</msg>
<status status="PASS" starttime="20210809 07:32:45.801" endtime="20210809 07:32:45.921"/>
</kw>
<kw name="Input Text" library="Selenium2Library">
<arg>${oaddr1}</arg>
<arg>${addr1}</arg>
<doc>Types the given ``text`` into the text field identified by ``locator``.</doc>
<msg timestamp="20210809 07:32:45.922" level="INFO">Typing text '1709 Mount Str' into text field '//input[@id="Address1"]'.</msg>
<status status="PASS" starttime="20210809 07:32:45.922" endtime="20210809 07:32:46.044"/>
</kw>
<kw name="Input Text" library="Selenium2Library">
<arg>${ocity}</arg>
<arg>${city}</arg>
<doc>Types the given ``text`` into the text field identified by ``locator``.</doc>
<msg timestamp="20210809 07:32:46.045" level="INFO">Typing text 'MC COY' into text field '//input[@id="City"]'.</msg>
<status status="PASS" starttime="20210809 07:32:46.044" endtime="20210809 07:32:46.177"/>
</kw>
<kw name="Input Text" library="Selenium2Library">
<arg>${ozip}</arg>
<arg>${zip}</arg>
<doc>Types the given ``text`` into the text field identified by ``locator``.</doc>
<msg timestamp="20210809 07:32:46.177" level="INFO">Typing text '80463' into text field '//input[@id="txtzip"]'.</msg>
<status status="PASS" starttime="20210809 07:32:46.177" endtime="20210809 07:32:46.305"/>
</kw>
<kw name="Select From List By Value" library="Selenium2Library">
<arg>${ostate}</arg>
<arg>${state}</arg>
<doc>Selects options from selection list ``locator`` by ``values``.</doc>
<msg timestamp="20210809 07:32:46.306" level="INFO">Selecting options from selection list '//select[@id="USStates"]' by value 14.</msg>
<status status="PASS" starttime="20210809 07:32:46.305" endtime="20210809 07:32:46.396"/>
</kw>
<kw name="Select From List By Value" library="Selenium2Library">
<arg>${otimezone}</arg>
<arg>Mountain Standard Time</arg>
<doc>Selects options from selection list ``locator`` by ``values``.</doc>
<msg timestamp="20210809 07:32:46.397" level="INFO">Selecting options from selection list '//select[@id="TimeZoneId"]' by value Mountain Standard Time.</msg>
<status status="PASS" starttime="20210809 07:32:46.396" endtime="20210809 07:32:46.469"/>
</kw>
<kw name="Click Element" library="Selenium2Library">
<arg>${ooutofcountry}</arg>
<doc>Click the element identified by ``locator``.</doc>
<msg timestamp="20210809 07:32:46.470" level="INFO">Clicking element '//label[@for="IsOutOfCountry" and @class="css-label BO"]'.</msg>
<status status="PASS" starttime="20210809 07:32:46.469" endtime="20210809 07:32:46.526"/>
</kw>
<kw name="Click Element" library="Selenium2Library">
<arg>${onowages}</arg>
<doc>Click the element identified by ``locator``.</doc>
<msg timestamp="20210809 07:32:46.527" level="INFO">Clicking element '//label[@for="IsNoIncomeTaxWithHolding" and @class="css-label BO"]'.</msg>
<status status="PASS" starttime="20210809 07:32:46.527" endtime="20210809 07:32:46.580"/>
</kw>
<kw name="Click Element" library="Selenium2Library">
<arg>${oprofilenext}</arg>
<doc>Click the element identified by ``locator``.</doc>
<msg timestamp="20210809 07:32:46.580" level="INFO">Clicking element '//input[@id="btnStep2Next"]'.</msg>
<status status="PASS" starttime="20210809 07:32:46.580" endtime="20210809 07:32:48.266"/>
</kw>
<kw name="Wait Until Element Is Enabled" library="Selenium2Library">
<arg>${onotax}</arg>
<arg>5s</arg>
<doc>Waits until the element ``locator`` is enabled.</doc>
<status status="PASS" starttime="20210809 07:32:48.267" endtime="20210809 07:32:48.296"/>
</kw>
<kw name="Click Element" library="Selenium2Library">
<arg>${onotax}</arg>
<doc>Click the element identified by ``locator``.</doc>
<msg timestamp="20210809 07:32:48.297" level="INFO">Clicking element '//label[@for="NoDueOrRefund" and @class="noWrap css-radiolabel BO"]'.</msg>
<status status="PASS" starttime="20210809 07:32:48.297" endtime="20210809 07:32:48.364"/>
</kw>
<kw name="Click Element" library="Selenium2Library">
<arg>${oliabilityenext}</arg>
<doc>Click the element identified by ``locator``.</doc>
<msg timestamp="20210809 07:32:48.366" level="INFO">Clicking element '//input[@id="btnNext"]'.</msg>
<status status="PASS" starttime="20210809 07:32:48.365" endtime="20210809 07:32:49.545"/>
</kw>
<kw name="Get Text" library="Selenium2Library">
<var>${actualssn}</var>
<arg>${oactualssn}</arg>
<doc>Returns the text value of the element identified by ``locator``.</doc>
<msg timestamp="20210809 07:32:49.578" level="INFO">${actualssn} = 719-22-4471</msg>
<status status="PASS" starttime="20210809 07:32:49.545" endtime="20210809 07:32:49.578"/>
</kw>
<kw name="Remove String" library="String">
<var>${actualssn}</var>
<arg>${actualssn}</arg>
<arg>-</arg>
<doc>Removes all ``removables`` from the given ``string``.</doc>
<msg timestamp="20210809 07:32:49.579" level="INFO">${actualssn} = 719224471</msg>
<status status="PASS" starttime="20210809 07:32:49.578" endtime="20210809 07:32:49.580"/>
</kw>
<kw name="Run Keyword Unless" library="BuiltIn">
<arg>${actualssn}==${ssn}</arg>
<arg>Capture Page Screenshot</arg>
<arg>C:\\Users\\MOHAN\\Documents\\space\\POC\\Individualtaxform\\support/reference/${logid}_newinv-tc-002.png</arg>
<doc>Runs the given keyword with the given arguments if ``condition`` is false.</doc>
<status status="PASS" starttime="20210809 07:32:49.580" endtime="20210809 07:32:49.582"/>
</kw>
<kw name="Run Keyword If" library="BuiltIn">
<arg>${actualssn}==${ssn}</arg>
<arg>writelog</arg>
<arg>'${logid}','ts-newinv-1','happy path','newinv-tc-002','values entered and displayed should match','values matching','pass',' '</arg>
<arg>ELSE</arg>
<arg>writelog</arg>
<arg>'${logid}','ts-newinv-1','happy path','newinv-tc-002','values entered and displayed should match','values not matching','fail','${logid}_newinv-tc-002.png'</arg>
<doc>Runs the given keyword with the given arguments, if ``condition`` is true.</doc>
<kw name="Writelog" library="associatelib">
<arg>'${logid}','ts-newinv-1','happy path','newinv-tc-002','values entered and displayed should match','values matching','pass',' '</arg>
<status status="PASS" starttime="20210809 07:32:49.583" endtime="20210809 07:32:50.481"/>
</kw>
<status status="PASS" starttime="20210809 07:32:49.582" endtime="20210809 07:32:50.481"/>
</kw>
<status status="PASS" starttime="20210809 07:32:25.325" endtime="20210809 07:32:50.481"/>
</kw>
<msg timestamp="20210809 07:32:50.481" level="INFO">${passed} = 719224471==719224471</msg>
<status status="PASS" starttime="20210809 07:32:25.325" endtime="20210809 07:32:50.481"/>
</kw>
<kw name="Run Keyword If" library="BuiltIn">
<arg>${passed}</arg>
<arg>summaryandpay</arg>
<doc>Runs the given keyword with the given arguments, if ``condition`` is true.</doc>
<kw name="summaryandpay" library="summary">
<kw name="Get Environment Variable" library="OperatingSystem">
<var>${logid}</var>
<arg>logid</arg>
<doc>Returns the value of an environment variable with the given name.</doc>
<msg timestamp="20210809 07:32:50.481" level="INFO">${logid} = Log_20210809073153</msg>
<status status="PASS" starttime="20210809 07:32:50.481" endtime="20210809 07:32:50.481"/>
</kw>
<kw name="Fndbget" library="associatelib">
<var>${cname}</var>
<arg>select tname from autofrm</arg>
<msg timestamp="20210809 07:32:51.387" level="INFO">${cname} = mohan</msg>
<status status="PASS" starttime="20210809 07:32:50.481" endtime="20210809 07:32:51.387"/>
</kw>
<kw name="Fndbget" library="associatelib">
<var>${cnum}</var>
<arg>select tcard from autofrm</arg>
<msg timestamp="20210809 07:32:52.309" level="INFO">${cnum} = 341428325777911</msg>
<status status="PASS" starttime="20210809 07:32:51.387" endtime="20210809 07:32:52.309"/>
</kw>
<kw name="Fndbget" library="associatelib">
<var>${cvv}</var>
<arg>select cvv from autofrm</arg>
<msg timestamp="20210809 07:32:53.216" level="INFO">${cvv} = 1234</msg>
<status status="PASS" starttime="20210809 07:32:52.309" endtime="20210809 07:32:53.216"/>
</kw>
<kw name="Fndbget" library="associatelib">
<var>${expmn}</var>
<arg>select expm from autofrm</arg>
<msg timestamp="20210809 07:32:54.123" level="INFO">${expmn} = 01</msg>
<status status="PASS" starttime="20210809 07:32:53.216" endtime="20210809 07:32:54.123"/>
</kw>
<kw name="Fndbget" library="associatelib">
<var>${expyr}</var>
<arg>select expy from autofrm</arg>
<msg timestamp="20210809 07:32:55.031" level="INFO">${expyr} = 2025</msg>
<status status="PASS" starttime="20210809 07:32:54.123" endtime="20210809 07:32:55.031"/>
</kw>
<kw name="Fndbget" library="associatelib">
<var>${oreview}</var>
<arg>select objvalue from autoobj where objname='oliabilityenext'</arg>
<msg timestamp="20210809 07:32:55.934" level="INFO">${oreview} = //input[@id="btnNext"]</msg>
<status status="PASS" starttime="20210809 07:32:55.031" endtime="20210809 07:32:55.934"/>
</kw>
<kw name="Fndbget" library="associatelib">
<var>${oreviewnext}</var>
<arg>select objvalue from autoobj where objname='oreviewnext'</arg>
<msg timestamp="20210809 07:32:56.840" level="INFO">${oreviewnext} = //input[@class="buttonNxt"]</msg>
<status status="PASS" starttime="20210809 07:32:55.934" endtime="20210809 07:32:56.840"/>
</kw>
<kw name="Fndbget" library="associatelib">
<var>${ofeenext}</var>
<arg>select objvalue from autoobj where objname='ofeenext'</arg>
<msg timestamp="20210809 07:32:57.749" level="INFO">${ofeenext} = //div[@class="floatR"]</msg>
<status status="PASS" starttime="20210809 07:32:56.840" endtime="20210809 07:32:57.749"/>
</kw>
<kw name="Fndbget" library="associatelib">
<var>${ophone}</var>
<arg>select objvalue from autoobj where objname='ophone'</arg>
<msg timestamp="20210809 07:32:58.642" level="INFO">${ophone} = //input[@id="TPDayTimePhone"]</msg>
<status status="PASS" starttime="20210809 07:32:57.749" endtime="20210809 07:32:58.642"/>
</kw>
<kw name="Fndbget" library="associatelib">
<var>${ocname}</var>
<arg>select objvalue from autoobj where objname='ocname'</arg>
<msg timestamp="20210809 07:32:59.586" level="INFO">${ocname} = //input[@name="FirstName"]</msg>
<status status="PASS" starttime="20210809 07:32:58.642" endtime="20210809 07:32:59.586"/>
</kw>
<kw name="Fndbget" library="associatelib">
<var>${ocnum}</var>
<arg>select objvalue from autoobj where objname='ocnum'</arg>
<msg timestamp="20210809 07:33:00.497" level="INFO">${ocnum} = //input[@id="CardNumber"]</msg>
<status status="PASS" starttime="20210809 07:32:59.586" endtime="20210809 07:33:00.497"/>
</kw>
<kw name="Fndbget" library="associatelib">
<var>${ocvv}</var>
<arg>select objvalue from autoobj where objname='ocvv'</arg>
<msg timestamp="20210809 07:33:01.403" level="INFO">${ocvv} = //input[@id="AuthCode"]</msg>
<status status="PASS" starttime="20210809 07:33:00.497" endtime="20210809 07:33:01.403"/>
</kw>
<kw name="Fndbget" library="associatelib">
<var>${oexpmn}</var>
<arg>select objvalue from autoobj where objname='oexpmn'</arg>
<msg timestamp="20210809 07:33:02.309" level="INFO">${oexpmn} = //select[@id="ExpiryMonth"]</msg>
<status status="PASS" starttime="20210809 07:33:01.403" endtime="20210809 07:33:02.309"/>
</kw>
<kw name="Fndbget" library="associatelib">
<var>${oexpyr}</var>
<arg>select objvalue from autoobj where objname='oexpyr'</arg>
<msg timestamp="20210809 07:33:03.214" level="INFO">${oexpyr} = //select[@id="ExpiryYear"]</msg>
<status status="PASS" starttime="20210809 07:33:02.309" endtime="20210809 07:33:03.214"/>
</kw>
<kw name="Fndbget" library="associatelib">
<var>${opayprocess}</var>
<arg>select objvalue from autoobj where objname='opayprocess'</arg>
<msg timestamp="20210809 07:33:04.184" level="INFO">${opayprocess} = //input[@value="Process"]</msg>
<status status="PASS" starttime="20210809 07:33:03.214" endtime="20210809 07:33:04.184"/>
</kw>
<kw name="Fndbget" library="associatelib">
<var>${opaytransmit}</var>
<arg>select objvalue from autoobj where objname='opaytransmit'</arg>
<msg timestamp="20210809 07:33:05.121" level="INFO">${opaytransmit} = //input[@value="Pay and Transmit*"]</msg>
<status status="PASS" starttime="20210809 07:33:04.184" endtime="20210809 07:33:05.121"/>
</kw>
<kw name="Fndbget" library="associatelib">
<var>${omsg}</var>
<arg>select objvalue from autoobj where objname='omsg'</arg>
<msg timestamp="20210809 07:33:06.028" level="INFO">${omsg} = //h3[@class="taL BO"]</msg>
<status status="PASS" starttime="20210809 07:33:05.121" endtime="20210809 07:33:06.028"/>
</kw>
<kw name="Fndbget" library="associatelib">
<var>${onewid}</var>
<arg>select objvalue from autoobj where objname='onewid'</arg>
<msg timestamp="20210809 07:33:06.931" level="INFO">${onewid} = //div[@class="floatR formTitleO"]/p</msg>
<status status="PASS" starttime="20210809 07:33:06.028" endtime="20210809 07:33:06.931"/>
</kw>
<kw name="Click Element" library="Selenium2Library">
<arg>${oreview}</arg>
<doc>Click the element identified by ``locator``.</doc>
<msg timestamp="20210809 07:33:06.931" level="INFO">Clicking element '//input[@id="btnNext"]'.</msg>
<status status="PASS" starttime="20210809 07:33:06.931" endtime="20210809 07:33:07.016"/>
</kw>
<kw name="Wait Until Element Is Visible" library="Selenium2Library">
<arg>${oreviewnext}</arg>
<arg>15s</arg>
<doc>Waits until the element ``locator`` is visible.</doc>
<status status="PASS" starttime="20210809 07:33:07.016" endtime="20210809 07:33:08.590"/>
</kw>
<kw name="Click Element" library="Selenium2Library">
<arg>${oreviewnext}</arg>
<doc>Click the element identified by ``locator``.</doc>
<msg timestamp="20210809 07:33:08.591" level="INFO">Clicking element '//input[@class="buttonNxt"]'.</msg>
<status status="PASS" starttime="20210809 07:33:08.591" endtime="20210809 07:33:11.008"/>
</kw>
<kw name="Wait Until Element Is Enabled" library="Selenium2Library">
<arg>${oreviewnext}</arg>
<arg>15s</arg>
<doc>Waits until the element ``locator`` is enabled.</doc>
<status status="PASS" starttime="20210809 07:33:11.008" endtime="20210809 07:33:13.482"/>
</kw>
<kw name="Click Element" library="Selenium2Library">
<arg>${oreviewnext}</arg>
<doc>Click the element identified by ``locator``.</doc>
<msg timestamp="20210809 07:33:13.482" level="INFO">Clicking element '//input[@class="buttonNxt"]'.</msg>
<status status="PASS" starttime="20210809 07:33:13.482" endtime="20210809 07:33:15.255"/>
</kw>
<kw name="Run Keyword And Return Status" library="BuiltIn">
<var>${passed}</var>
<arg>Wait Until Element Is Visible</arg>
<arg>${ofeenext}</arg>
<arg>15s</arg>
<doc>Runs the given keyword with given arguments and returns the status as a Boolean value.</doc>
<kw name="Wait Until Element Is Visible" library="Selenium2Library">
<arg>${ofeenext}</arg>
<arg>15s</arg>
<doc>Waits until the element ``locator`` is visible.</doc>
<status status="PASS" starttime="20210809 07:33:15.256" endtime="20210809 07:33:15.301"/>
</kw>
<msg timestamp="20210809 07:33:15.301" level="INFO">${passed} = True</msg>
<status status="PASS" starttime="20210809 07:33:15.255" endtime="20210809 07:33:15.301"/>
</kw>
<kw name="Wait Until Element Is Enabled" library="Selenium2Library">
<arg>${ocname}</arg>
<arg>15s</arg>
<doc>Waits until the element ``locator`` is enabled.</doc>
<status status="PASS" starttime="20210809 07:33:15.301" endtime="20210809 07:33:15.338"/>
</kw>
<kw name="Input Text" library="Selenium2Library">
<arg>${ocname}</arg>
<arg>${cname}</arg>
<doc>Types the given ``text`` into the text field identified by ``locator``.</doc>
<msg timestamp="20210809 07:33:15.339" level="INFO">Typing text 'mohan' into text field '//input[@name="FirstName"]'.</msg>
<status status="PASS" starttime="20210809 07:33:15.338" endtime="20210809 07:33:15.416"/>
</kw>
<kw name="Input Text" library="Selenium2Library">
<arg>${ocnum}</arg>
<arg>${cnum}</arg>
<doc>Types the given ``text`` into the text field identified by ``locator``.</doc>
<msg timestamp="20210809 07:33:15.417" level="INFO">Typing text '341428325777911' into text field '//input[@id="CardNumber"]'.</msg>
<status status="PASS" starttime="20210809 07:33:15.416" endtime="20210809 07:33:15.566"/>
</kw>
<kw name="Input Text" library="Selenium2Library">
<arg>${ocvv}</arg>
<arg>${cvv}</arg>
<doc>Types the given ``text`` into the text field identified by ``locator``.</doc>
<msg timestamp="20210809 07:33:15.567" level="INFO">Typing text '1234' into text field '//input[@id="AuthCode"]'.</msg>
<status status="PASS" starttime="20210809 07:33:15.566" endtime="20210809 07:33:15.675"/>
</kw>
<kw name="Select From List By Value" library="Selenium2Library">
<arg>${oexpmn}</arg>
<arg>${expmn}</arg>
<doc>Selects options from selection list ``locator`` by ``values``.</doc>
<msg timestamp="20210809 07:33:15.676" level="INFO">Selecting options from selection list '//select[@id="ExpiryMonth"]' by value 01.</msg>
<status status="PASS" starttime="20210809 07:33:15.675" endtime="20210809 07:33:15.755"/>
</kw>
<kw name="Select From List By Value" library="Selenium2Library">
<arg>${oexpyr}</arg>
<arg>${expyr}</arg>
<doc>Selects options from selection list ``locator`` by ``values``.</doc>
<msg timestamp="20210809 07:33:15.755" level="INFO">Selecting options from selection list '//select[@id="ExpiryYear"]' by value 2025.</msg>
<status status="PASS" starttime="20210809 07:33:15.755" endtime="20210809 07:33:15.831"/>
</kw>
<kw name="Click Element" library="Selenium2Library">
<arg>${opayprocess}</arg>
<doc>Click the element identified by ``locator``.</doc>
<msg timestamp="20210809 07:33:15.832" level="INFO">Clicking element '//input[@value="Process"]'.</msg>
<status status="PASS" starttime="20210809 07:33:15.832" endtime="20210809 07:33:15.901"/>
</kw>
<kw name="Wait Until Element Is Visible" library="Selenium2Library">
<arg>${opaytransmit}</arg>
<arg>15s</arg>
<doc>Waits until the element ``locator`` is visible.</doc>
<status status="PASS" starttime="20210809 07:33:15.901" endtime="20210809 07:33:17.028"/>
</kw>
<kw name="Click Element" library="Selenium2Library">
<arg>${opaytransmit}</arg>
<doc>Click the element identified by ``locator``.</doc>
<msg timestamp="20210809 07:33:17.028" level="INFO">Clicking element '//input[@value="Pay and Transmit*"]'.</msg>
<status status="PASS" starttime="20210809 07:33:17.028" endtime="20210809 07:33:25.509"/>
</kw>
<kw name="Run Keyword And Return Status" library="BuiltIn">
<var>${passed}</var>
<arg>Wait Until Element Is Visible</arg>
<arg>${omsg}</arg>
<arg>5s</arg>
<doc>Runs the given keyword with given arguments and returns the status as a Boolean value.</doc>
<kw name="Wait Until Element Is Visible" library="Selenium2Library">
<arg>${omsg}</arg>
<arg>5s</arg>
<doc>Waits until the element ``locator`` is visible.</doc>
<status status="PASS" starttime="20210809 07:33:25.510" endtime="20210809 07:33:25.543"/>
</kw>
<msg timestamp="20210809 07:33:25.543" level="INFO">${passed} = True</msg>
<status status="PASS" starttime="20210809 07:33:25.510" endtime="20210809 07:33:25.544"/>
</kw>
<kw name="Replace String" library="String">
<var>${SSDIR}</var>
<arg>C:\\Users\\MOHAN\\Documents\\space\\POC\\Individualtaxform\\support</arg>
<arg>support</arg>
<arg>reference</arg>
<doc>Replaces ``search_for`` in the given ``string`` with ``replace_with``.</doc>
<msg timestamp="20210809 07:33:25.545" level="INFO">${SSDIR} = C:\Users\MOHAN\Documents\space\POC\Individualtaxform\reference</msg>
<status status="PASS" starttime="20210809 07:33:25.545" endtime="20210809 07:33:25.546"/>
</kw>
<kw name="Capture Page Screenshot" library="Selenium2Library">
<arg>${SSDIR}/${logid}_newinv-tc-003.png</arg>
<doc>Takes a screenshot of the current page and embeds it into a log file.</doc>
<msg timestamp="20210809 07:33:25.744" level="INFO" html="true">&lt;/td&gt;&lt;/tr&gt;&lt;tr&gt;&lt;td colspan="3"&gt;&lt;a href="reference/Log_20210809073153_newinv-tc-003.png"&gt;&lt;img src="reference/Log_20210809073153_newinv-tc-003.png" width="800px"&gt;&lt;/a&gt;</msg>
<status status="PASS" starttime="20210809 07:33:25.547" endtime="20210809 07:33:25.744"/>
</kw>
<kw name="Run Keyword If" library="BuiltIn">
<var>${id}</var>
<arg>${passed}</arg>
<arg>get text</arg>
<arg>${onewid}</arg>
<doc>Runs the given keyword with the given arguments, if ``condition`` is true.</doc>
<kw name="Get Text" library="Selenium2Library">
<arg>${onewid}</arg>
<doc>Returns the text value of the element identified by ``locator``.</doc>
<status status="PASS" starttime="20210809 07:33:25.744" endtime="20210809 07:33:25.772"/>
</kw>
<msg timestamp="20210809 07:33:25.772" level="INFO">${id} = 1A0022121047B-145</msg>
<status status="PASS" starttime="20210809 07:33:25.744" endtime="20210809 07:33:25.772"/>
</kw>
<kw name="Run Keyword If" library="BuiltIn">
<arg>${passed}</arg>
<arg>writelog</arg>
<arg>'${logid}','ts-newinv-1','happy path','newinv-tc-003','Request should be created ','request created.id is ${id}','pass','${logid}_newinv-tc-003.png'</arg>
<arg>ELSE</arg>
<arg>writelog</arg>
<arg>'${logid}','ts-newinv-1','happy path','newinv-tc-003','Request should be created ','request not created','fail','${logid}_newinv-tc-003.png'</arg>
<doc>Runs the given keyword with the given arguments, if ``condition`` is true.</doc>
<kw name="Writelog" library="associatelib">
<arg>'${logid}','ts-newinv-1','happy path','newinv-tc-003','Request should be created ','request created.id is ${id}','pass','${logid}_newinv-tc-003.png'</arg>
<status status="PASS" starttime="20210809 07:33:25.772" endtime="20210809 07:33:26.700"/>
</kw>
<status status="PASS" starttime="20210809 07:33:25.772" endtime="20210809 07:33:26.700"/>
</kw>
<status status="PASS" starttime="20210809 07:32:50.481" endtime="20210809 07:33:26.700"/>
</kw>
<status status="PASS" starttime="20210809 07:32:50.481" endtime="20210809 07:33:26.700"/>
</kw>
<status status="PASS" starttime="20210809 07:31:53.481" endtime="20210809 07:33:26.700"/>
</test>
<kw name="Close Browser" library="Selenium2Library" type="TEARDOWN">
<doc>Closes the current browser.</doc>
<status status="PASS" starttime="20210809 07:33:26.700" endtime="20210809 07:33:29.059"/>
</kw>
<status status="PASS" starttime="20210809 07:31:53.184" endtime="20210809 07:33:29.059"/>
</suite>
<statistics>
<total>
<stat pass="1" fail="0" skip="0">All Tests</stat>
</total>
<tag>
</tag>
<suite>
<stat pass="1" fail="0" skip="0" id="s1" name="Individualtaxform">Individualtaxform</stat>
</suite>
</statistics>
<errors>
</errors>
</robot>
